# JRE version: OpenJDK Runtime Environment Corretto-17.0.11.9.1 (17.0.11+9) (build 17.0.11+9-LTS)
# Java VM: OpenJDK 64-Bit Server VM Corretto-17.0.11.9.1 (17.0.11+9-LTS, mixed mode, sharing, tiered, compressed oops, compressed class ptrs, g1 gc, windows-amd64)
GC Precious Log:
 CPUs: 16 total, 16 available
 Memory: 32544M
 Large Page Support: Disabled
 NUMA Support: Disabled
 Compressed Oops: Enabled (Zero based)
 Heap Region Size: 4M
 Heap Min Capacity: 8M
 Heap Initial Capacity: 512M
 Heap Max Capacity: 8140M
 Pre-touch: Disabled
 Parallel Workers: 13
 Concurrent Workers: 3
 Concurrent Refinement Workers: 13
 Periodic GC: Disabled
Heap:
 garbage-first heap   total 299008K, used 41452K [0x0000000603400000, 0x0000000800000000)
  region size 4096K, 6 young (24576K), 1 survivors (4096K)
 Metaspace       used 45227K, committed 45632K, reserved 1114112K
  class space    used 5925K, committed 6144K, reserved 1048576K
GC Heap History (20 events):
Event: 0.507 GC heap before
{Heap before GC invocations=0 (full 0):
 garbage-first heap   total 524288K, used 24576K [0x0000000603400000, 0x0000000800000000)
  region size 4096K, 6 young (24576K), 0 survivors (0K)
 Metaspace       used 4851K, committed 5056K, reserved 1114112K
  class space    used 543K, committed 640K, reserved 1048576K
}
Event: 0.510 GC heap after
{Heap after GC invocations=1 (full 0):
 garbage-first heap   total 524288K, used 7088K [0x0000000603400000, 0x0000000800000000)
  region size 4096K, 1 young (4096K), 1 survivors (4096K)
 Metaspace       used 4851K, committed 5056K, reserved 1114112K
  class space    used 543K, committed 640K, reserved 1048576K
}
Event: 0.849 GC heap before
{Heap before GC invocations=1 (full 0):
 garbage-first heap   total 524288K, used 23472K [0x0000000603400000, 0x0000000800000000)
  region size 4096K, 6 young (24576K), 1 survivors (4096K)
 Metaspace       used 7829K, committed 8128K, reserved 1114112K
  class space    used 945K, committed 1088K, reserved 1048576K
}
Event: 0.851 GC heap after
{Heap after GC invocations=2 (full 0):
 garbage-first heap   total 524288K, used 8792K [0x0000000603400000, 0x0000000800000000)
  region size 4096K, 1 young (4096K), 1 survivors (4096K)
 Metaspace       used 7829K, committed 8128K, reserved 1114112K
  class space    used 945K, committed 1088K, reserved 1048576K
}
Event: 2.299 GC heap before
{Heap before GC invocations=2 (full 0):
 garbage-first heap   total 524288K, used 74328K [0x0000000603400000, 0x0000000800000000)
  region size 4096K, 17 young (69632K), 1 survivors (4096K)
 Metaspace       used 19764K, committed 20096K, reserved 1114112K
  class space    used 2400K, committed 2560K, reserved 1048576K
}
Event: 2.304 GC heap after
{Heap after GC invocations=3 (full 0):
 garbage-first heap   total 524288K, used 14548K [0x0000000603400000, 0x0000000800000000)
  region size 4096K, 2 young (8192K), 2 survivors (8192K)
 Metaspace       used 19764K, committed 20096K, reserved 1114112K
  class space    used 2400K, committed 2560K, reserved 1048576K
}
Event: 2.601 GC heap before
{Heap before GC invocations=3 (full 0):
 garbage-first heap   total 524288K, used 35028K [0x0000000603400000, 0x0000000800000000)
  region size 4096K, 8 young (32768K), 2 survivors (8192K)
 Metaspace       used 21231K, committed 21504K, reserved 1114112K
  class space    used 2584K, committed 2752K, reserved 1048576K
}
Event: 2.604 GC heap after
{Heap after GC invocations=4 (full 0):
 garbage-first heap   total 524288K, used 15316K [0x0000000603400000, 0x0000000800000000)
  region size 4096K, 2 young (8192K), 2 survivors (8192K)
 Metaspace       used 21231K, committed 21504K, reserved 1114112K
  class space    used 2584K, committed 2752K, reserved 1048576K
}
Event: 3.291 GC heap before
{Heap before GC invocations=5 (full 0):
 garbage-first heap   total 69632K, used 48084K [0x0000000603400000, 0x0000000800000000)
  region size 4096K, 10 young (40960K), 2 survivors (8192K)
 Metaspace       used 25460K, committed 25920K, reserved 1114112K
  class space    used 3159K, committed 3392K, reserved 1048576K
}
Event: 3.296 GC heap after
{Heap after GC invocations=6 (full 0):
 garbage-first heap   total 69632K, used 17143K [0x0000000603400000, 0x0000000800000000)
  region size 4096K, 1 young (4096K), 1 survivors (4096K)
 Metaspace       used 25460K, committed 25920K, reserved 1114112K
  class space    used 3159K, committed 3392K, reserved 1048576K
}
Event: 3.375 GC heap before
{Heap before GC invocations=6 (full 0):
 garbage-first heap   total 69632K, used 21239K [0x0000000603400000, 0x0000000800000000)
  region size 4096K, 2 young (8192K), 1 survivors (4096K)
 Metaspace       used 25815K, committed 26176K, reserved 1114112K
  class space    used 3205K, committed 3392K, reserved 1048576K
}
Event: 3.378 GC heap after
{Heap after GC invocations=7 (full 0):
 garbage-first heap   total 69632K, used 17375K [0x0000000603400000, 0x0000000800000000)
  region size 4096K, 1 young (4096K), 1 survivors (4096K)
 Metaspace       used 25815K, committed 26176K, reserved 1114112K
  class space    used 3205K, committed 3392K, reserved 1048576K
}
Event: 4.075 GC heap before
{Heap before GC invocations=7 (full 0):
 garbage-first heap   total 69632K, used 41951K [0x0000000603400000, 0x0000000800000000)
  region size 4096K, 7 young (28672K), 1 survivors (4096K)
 Metaspace       used 29565K, committed 29952K, reserved 1114112K
  class space    used 3729K, committed 3904K, reserved 1048576K
}
Event: 4.078 GC heap after
{Heap after GC invocations=8 (full 0):
 garbage-first heap   total 69632K, used 19909K [0x0000000603400000, 0x0000000800000000)
  region size 4096K, 1 young (4096K), 1 survivors (4096K)
 Metaspace       used 29565K, committed 29952K, reserved 1114112K
  class space    used 3729K, committed 3904K, reserved 1048576K
}
Event: 4.351 GC heap before
{Heap before GC invocations=8 (full 0):
 garbage-first heap   total 69632K, used 44485K [0x0000000603400000, 0x0000000800000000)
  region size 4096K, 8 young (32768K), 1 survivors (4096K)
 Metaspace       used 31858K, committed 32320K, reserved 1114112K
  class space    used 3976K, committed 4160K, reserved 1048576K
}
Event: 4.354 GC heap after
{Heap after GC invocations=9 (full 0):
 garbage-first heap   total 69632K, used 22877K [0x0000000603400000, 0x0000000800000000)
  region size 4096K, 1 young (4096K), 1 survivors (4096K)
 Metaspace       used 31858K, committed 32320K, reserved 1114112K
  class space    used 3976K, committed 4160K, reserved 1048576K
}
Event: 5.066 GC heap before
{Heap before GC invocations=9 (full 0):
 garbage-first heap   total 69632K, used 39261K [0x0000000603400000, 0x0000000800000000)
  region size 4096K, 6 young (24576K), 1 survivors (4096K)
 Metaspace       used 35612K, committed 35968K, reserved 1114112K
  class space    used 4497K, committed 4672K, reserved 1048576K
}
Event: 5.068 GC heap after
{Heap after GC invocations=10 (full 0):
 garbage-first heap   total 69632K, used 24099K [0x0000000603400000, 0x0000000800000000)
  region size 4096K, 1 young (4096K), 1 survivors (4096K)
 Metaspace       used 35612K, committed 35968K, reserved 1114112K
  class space    used 4497K, committed 4672K, reserved 1048576K
}
Event: 5.572 GC heap before
{Heap before GC invocations=11 (full 0):
 garbage-first heap   total 69632K, used 44579K [0x0000000603400000, 0x0000000800000000)
  region size 4096K, 6 young (24576K), 1 survivors (4096K)
 Metaspace       used 40521K, committed 41024K, reserved 1114112K
  class space    used 5314K, committed 5568K, reserved 1048576K
}
Event: 5.575 GC heap after
{Heap after GC invocations=12 (full 0):
 garbage-first heap   total 299008K, used 25068K [0x0000000603400000, 0x0000000800000000)
  region size 4096K, 1 young (4096K), 1 survivors (4096K)
 Metaspace       used 40521K, committed 41024K, reserved 1114112K
  class space    used 5314K, committed 5568K, reserved 1048576K
}

