# JRE version: OpenJDK Runtime Environment Corretto-17.0.11.9.1 (17.0.11+9) (build 17.0.11+9-LTS)
# Java VM: OpenJDK 64-Bit Server VM Corretto-17.0.11.9.1 (17.0.11+9-LTS, mixed mode, sharing, tiered, compressed oops, compressed class ptrs, g1 gc, windows-amd64)
GC Precious Log:
 CPUs: 16 total, 16 available
 Memory: 32544M
 Large Page Support: Disabled
 NUMA Support: Disabled
 Compressed Oops: Enabled (Zero based)
 Heap Region Size: 4M
 Heap Min Capacity: 8M
 Heap Initial Capacity: 512M
 Heap Max Capacity: 8140M
 Pre-touch: Disabled
 Parallel Workers: 13
 Concurrent Workers: 3
 Concurrent Refinement Workers: 13
 Periodic GC: Disabled
Heap:
 garbage-first heap   total 122880K, used 85666K [0x0000000603400000, 0x0000000800000000)
  region size 4096K, 14 young (57344K), 1 survivors (4096K)
 Metaspace       used 73586K, committed 74304K, reserved 1114112K
  class space    used 9934K, committed 10240K, reserved 1048576K
GC Heap History (20 events):
Event: 3.093 GC heap before
{Heap before GC invocations=6 (full 0):
 garbage-first heap   total 69632K, used 21305K [0x0000000603400000, 0x0000000800000000)
  region size 4096K, 3 young (12288K), 2 survivors (8192K)
 Metaspace       used 26066K, committed 26432K, reserved 1114112K
  class space    used 3252K, committed 3456K, reserved 1048576K
}
Event: 3.096 GC heap after
{Heap after GC invocations=7 (full 0):
 garbage-first heap   total 69632K, used 17409K [0x0000000603400000, 0x0000000800000000)
  region size 4096K, 1 young (4096K), 1 survivors (4096K)
 Metaspace       used 26066K, committed 26432K, reserved 1114112K
  class space    used 3252K, committed 3456K, reserved 1048576K
}
Event: 3.758 GC heap before
{Heap before GC invocations=7 (full 0):
 garbage-first heap   total 69632K, used 41985K [0x0000000603400000, 0x0000000800000000)
  region size 4096K, 8 young (32768K), 1 survivors (4096K)
 Metaspace       used 29572K, committed 29952K, reserved 1114112K
  class space    used 3731K, committed 3904K, reserved 1048576K
}
Event: 3.762 GC heap after
{Heap after GC invocations=8 (full 0):
 garbage-first heap   total 69632K, used 22610K [0x0000000603400000, 0x0000000800000000)
  region size 4096K, 1 young (4096K), 1 survivors (4096K)
 Metaspace       used 29572K, committed 29952K, reserved 1114112K
  class space    used 3731K, committed 3904K, reserved 1048576K
}
Event: 3.970 GC heap before
{Heap before GC invocations=8 (full 0):
 garbage-first heap   total 69632K, used 43090K [0x0000000603400000, 0x0000000800000000)
  region size 4096K, 6 young (24576K), 1 survivors (4096K)
 Metaspace       used 31541K, committed 32000K, reserved 1114112K
  class space    used 3924K, committed 4160K, reserved 1048576K
}
Event: 3.973 GC heap after
{Heap after GC invocations=9 (full 0):
 garbage-first heap   total 69632K, used 23545K [0x0000000603400000, 0x0000000800000000)
  region size 4096K, 1 young (4096K), 1 survivors (4096K)
 Metaspace       used 31541K, committed 32000K, reserved 1114112K
  class space    used 3924K, committed 4160K, reserved 1048576K
}
Event: 4.713 GC heap before
{Heap before GC invocations=9 (full 0):
 garbage-first heap   total 69632K, used 44025K [0x0000000603400000, 0x0000000800000000)
  region size 4096K, 6 young (24576K), 1 survivors (4096K)
 Metaspace       used 35256K, committed 35712K, reserved 1114112K
  class space    used 4445K, committed 4672K, reserved 1048576K
}
Event: 4.715 GC heap after
{Heap after GC invocations=10 (full 0):
 garbage-first heap   total 69632K, used 24530K [0x0000000603400000, 0x0000000800000000)
  region size 4096K, 1 young (4096K), 1 survivors (4096K)
 Metaspace       used 35256K, committed 35712K, reserved 1114112K
  class space    used 4445K, committed 4672K, reserved 1048576K
}
Event: 4.782 GC heap before
{Heap before GC invocations=10 (full 0):
 garbage-first heap   total 69632K, used 24530K [0x0000000603400000, 0x0000000800000000)
  region size 4096K, 2 young (8192K), 1 survivors (4096K)
 Metaspace       used 35555K, committed 35968K, reserved 1114112K
  class space    used 4488K, committed 4672K, reserved 1048576K
}
Event: 4.784 GC heap after
{Heap after GC invocations=11 (full 0):
 garbage-first heap   total 69632K, used 24659K [0x0000000603400000, 0x0000000800000000)
  region size 4096K, 1 young (4096K), 1 survivors (4096K)
 Metaspace       used 35555K, committed 35968K, reserved 1114112K
  class space    used 4488K, committed 4672K, reserved 1048576K
}
Event: 5.471 GC heap before
{Heap before GC invocations=12 (full 0):
 garbage-first heap   total 69632K, used 49235K [0x0000000603400000, 0x0000000800000000)
  region size 4096K, 7 young (28672K), 1 survivors (4096K)
 Metaspace       used 41717K, committed 42176K, reserved 1114112K
  class space    used 5428K, committed 5632K, reserved 1048576K
}
Event: 5.474 GC heap after
{Heap after GC invocations=13 (full 0):
 garbage-first heap   total 299008K, used 25903K [0x0000000603400000, 0x0000000800000000)
  region size 4096K, 1 young (4096K), 1 survivors (4096K)
 Metaspace       used 41717K, committed 42176K, reserved 1114112K
  class space    used 5428K, committed 5632K, reserved 1048576K
}
Event: 5.701 GC heap before
{Heap before GC invocations=13 (full 0):
 garbage-first heap   total 299008K, used 34095K [0x0000000603400000, 0x0000000800000000)
  region size 4096K, 3 young (12288K), 1 survivors (4096K)
 Metaspace       used 43714K, committed 44224K, reserved 1114112K
  class space    used 5723K, committed 5952K, reserved 1048576K
}
Event: 5.704 GC heap after
{Heap after GC invocations=14 (full 0):
 garbage-first heap   total 299008K, used 25647K [0x0000000603400000, 0x0000000800000000)
  region size 4096K, 1 young (4096K), 1 survivors (4096K)
 Metaspace       used 43714K, committed 44224K, reserved 1114112K
  class space    used 5723K, committed 5952K, reserved 1048576K
}
Event: 7.059 GC heap before
{Heap before GC invocations=14 (full 0):
 garbage-first heap   total 299008K, used 99375K [0x0000000603400000, 0x0000000800000000)
  region size 4096K, 20 young (81920K), 1 survivors (4096K)
 Metaspace       used 59884K, committed 60416K, reserved 1114112K
  class space    used 8062K, committed 8320K, reserved 1048576K
}
Event: 7.064 GC heap after
{Heap after GC invocations=15 (full 0):
 garbage-first heap   total 299008K, used 29874K [0x0000000603400000, 0x0000000800000000)
  region size 4096K, 2 young (8192K), 2 survivors (8192K)
 Metaspace       used 59884K, committed 60416K, reserved 1114112K
  class space    used 8062K, committed 8320K, reserved 1048576K
}
Event: 9.119 GC heap before
{Heap before GC invocations=16 (full 0):
 garbage-first heap   total 122880K, used 95410K [0x0000000603400000, 0x0000000800000000)
  region size 4096K, 18 young (73728K), 2 survivors (8192K)
 Metaspace       used 66620K, committed 67200K, reserved 1114112K
  class space    used 9018K, committed 9280K, reserved 1048576K
}
Event: 9.124 GC heap after
{Heap after GC invocations=17 (full 0):
 garbage-first heap   total 122880K, used 35967K [0x0000000603400000, 0x0000000800000000)
  region size 4096K, 3 young (12288K), 3 survivors (12288K)
 Metaspace       used 66620K, committed 67200K, reserved 1114112K
  class space    used 9018K, committed 9280K, reserved 1048576K
}
Event: 12.952 GC heap before
{Heap before GC invocations=17 (full 0):
 garbage-first heap   total 122880K, used 35967K [0x0000000603400000, 0x0000000800000000)
  region size 4096K, 4 young (16384K), 3 survivors (12288K)
 Metaspace       used 67855K, committed 68480K, reserved 1114112K
  class space    used 9168K, committed 9472K, reserved 1048576K
}
Event: 12.959 GC heap after
{Heap after GC invocations=18 (full 0):
 garbage-first heap   total 122880K, used 36514K [0x0000000603400000, 0x0000000800000000)
  region size 4096K, 1 young (4096K), 1 survivors (4096K)
 Metaspace       used 67855K, committed 68480K, reserved 1114112K
  class space    used 9168K, committed 9472K, reserved 1048576K
}

